<?xml version="1.0" encoding="UTF-8"?>
<!-- Generated by org.testng.reporters.JUnitReportReporter -->
<testsuite hostname="WINDOWS-UNR7VLH" failures="0" tests="2" name="maveproject1.TESTNGdemo1" time="0.053" errors="0" timestamp="2023-03-24T13:24:04 IST" skipped="0">
  <testcase classname="maveproject1.TESTNGdemo1" name="f" time="0.014"/>
  <system-out/>
  <testcase classname="maveproject1.TESTNGdemo1" name="f" time="0.039"/>
  <system-out/>
</testsuite> <!-- maveproject1.TESTNGdemo1 -->
